Determining if the function clock_gettime exists in the rt failed with the following output:
Change Dir: /Users/mario/code/alaskan/src/rabbitmq-c-0.8.0/build/CMakeFiles/CMakeTmp

Run Build Command:"/usr/bin/make" "cmTC_ef490/fast"
/Applications/Xcode.app/Contents/Developer/usr/bin/make -f CMakeFiles/cmTC_ef490.dir/build.make CMakeFiles/cmTC_ef490.dir/build
Building C object CMakeFiles/cmTC_ef490.dir/CheckFunctionExists.c.o
/Applications/Xcode.app/Contents/Developer/Toolchains/XcodeDefault.xctoolchain/usr/bin/cc   -DCHECK_FUNCTION_EXISTS=clock_gettime -isysroot /Applications/Xcode.app/Contents/Developer/Platforms/iPhoneSimulator.platform/Developer/SDKs/iPhoneSimulator10.3.sdk   -o CMakeFiles/cmTC_ef490.dir/CheckFunctionExists.c.o   -c /Applications/CMake.app/Contents/share/cmake-3.9/Modules/CheckFunctionExists.c
Linking C executable cmTC_ef490
/Applications/CMake.app/Contents/bin/cmake -E cmake_link_script CMakeFiles/cmTC_ef490.dir/link.txt --verbose=1
/Applications/Xcode.app/Contents/Developer/Toolchains/XcodeDefault.xctoolchain/usr/bin/cc  -DCHECK_FUNCTION_EXISTS=clock_gettime -isysroot /Applications/Xcode.app/Contents/Developer/Platforms/iPhoneSimulator.platform/Developer/SDKs/iPhoneSimulator10.3.sdk -Wl,-search_paths_first -Wl,-headerpad_max_install_names   CMakeFiles/cmTC_ef490.dir/CheckFunctionExists.c.o  -o cmTC_ef490  -L/Users/mario/code/alaskan/src/rabbitmq-c-0.8.0/build/CMakeFiles/CMakeTmp/time.h -Wl,-rpath,/Users/mario/code/alaskan/src/rabbitmq-c-0.8.0/build/CMakeFiles/CMakeTmp/time.h -lrt 
ld: warning: directory not found for option '-L/Users/mario/code/alaskan/src/rabbitmq-c-0.8.0/build/CMakeFiles/CMakeTmp/time.h'
ld: library not found for -lrt
clang: error: linker command failed with exit code 1 (use -v to see invocation)
make[1]: *** [cmTC_ef490] Error 1
make: *** [cmTC_ef490/fast] Error 2


Determining if the function posix_spawnp exists in the rt failed with the following output:
Change Dir: /Users/mario/code/alaskan/src/rabbitmq-c-0.8.0/build/CMakeFiles/CMakeTmp

Run Build Command:"/usr/bin/make" "cmTC_9d802/fast"
/Applications/Xcode.app/Contents/Developer/usr/bin/make -f CMakeFiles/cmTC_9d802.dir/build.make CMakeFiles/cmTC_9d802.dir/build
Building C object CMakeFiles/cmTC_9d802.dir/CheckFunctionExists.c.o
/Applications/Xcode.app/Contents/Developer/Toolchains/XcodeDefault.xctoolchain/usr/bin/cc   -DCHECK_FUNCTION_EXISTS=posix_spawnp -isysroot /Applications/Xcode.app/Contents/Developer/Platforms/iPhoneSimulator.platform/Developer/SDKs/iPhoneSimulator10.3.sdk   -o CMakeFiles/cmTC_9d802.dir/CheckFunctionExists.c.o   -c /Applications/CMake.app/Contents/share/cmake-3.9/Modules/CheckFunctionExists.c
Linking C executable cmTC_9d802
/Applications/CMake.app/Contents/bin/cmake -E cmake_link_script CMakeFiles/cmTC_9d802.dir/link.txt --verbose=1
/Applications/Xcode.app/Contents/Developer/Toolchains/XcodeDefault.xctoolchain/usr/bin/cc  -DCHECK_FUNCTION_EXISTS=posix_spawnp -isysroot /Applications/Xcode.app/Contents/Developer/Platforms/iPhoneSimulator.platform/Developer/SDKs/iPhoneSimulator10.3.sdk -Wl,-search_paths_first -Wl,-headerpad_max_install_names   CMakeFiles/cmTC_9d802.dir/CheckFunctionExists.c.o  -o cmTC_9d802  -L/Users/mario/code/alaskan/src/rabbitmq-c-0.8.0/build/CMakeFiles/CMakeTmp/spawn.h -Wl,-rpath,/Users/mario/code/alaskan/src/rabbitmq-c-0.8.0/build/CMakeFiles/CMakeTmp/spawn.h -lrt 
ld: warning: directory not found for option '-L/Users/mario/code/alaskan/src/rabbitmq-c-0.8.0/build/CMakeFiles/CMakeTmp/spawn.h'
ld: library not found for -lrt
clang: error: linker command failed with exit code 1 (use -v to see invocation)
make[1]: *** [cmTC_9d802] Error 1
make: *** [cmTC_9d802/fast] Error 2


